<?xml version="1.0" encoding="UTF-8"?>
<!-- Generated by org.testng.reporters.JUnitReportReporter -->
<testsuite skipped="0" hostname="User-HP6200-860" name="PasswordValidation.SignUpTest" tests="2" failures="0" timestamp="22 Feb 2018 13:20:41 GMT" time="0.005" errors="0">
  <testcase name="isUniqueLoginTestExisting" time="0.004" classname="PasswordValidation.SignUpTest"/>
  <testcase name="isUniqueLoginTestNotExisting" time="0.001" classname="PasswordValidation.SignUpTest"/>
</testsuite> <!-- PasswordValidation.SignUpTest -->
