<?xml version="1.0" encoding="UTF-8"?>
<!-- Generated by org.testng.reporters.JUnitReportReporter -->
<testsuite skipped="0" hostname="vvv-HP-Compaq-6200-SFF" name="BodyMassIndex.ConverterTest" tests="1" failures="0" timestamp="21 фев 2018 13:53:18 GMT" time="0.001" errors="0">
  <testcase name="testWeightCalculation" time="0.001" classname="BodyMassIndex.ConverterTest"/>
</testsuite> <!-- BodyMassIndex.ConverterTest -->
