<?xml version="1.0" encoding="UTF-8"?>
<!-- Generated by org.testng.reporters.JUnitReportReporter -->
<testsuite skipped="0" hostname="vvv-HP-Compaq-6200-SFF" name="BodyMassIndex.BMITest" tests="2" failures="0" timestamp="21 фев 2018 14:22:08 GMT" time="0.009" errors="0">
  <testcase name="testWeightCalculation" time="0.008" classname="BodyMassIndex.BMITest"/>
  <testcase name="testWeightCalculation2" time="0.001" classname="BodyMassIndex.BMITest"/>
</testsuite> <!-- BodyMassIndex.BMITest -->
