<?xml version="1.0" encoding="UTF-8"?>
<!-- Generated by org.testng.reporters.JUnitReportReporter -->
<testsuite skipped="0" hostname="User-HP6200-860" name="BodyMassIndex.BMITest" tests="2" failures="0" timestamp="22 Feb 2018 13:20:41 GMT" time="0.008" errors="0">
  <testcase name="testWeightCalculation" time="0.008" classname="BodyMassIndex.BMITest"/>
  <testcase name="testWeightCalculation2" time="0.000" classname="BodyMassIndex.BMITest"/>
</testsuite> <!-- BodyMassIndex.BMITest -->
