<?xml version="1.0" encoding="UTF-8"?>
<!-- Generated by org.testng.reporters.JUnitReportReporter -->
<testsuite skipped="0" hostname="User-HP6200-860" name="TemperatureConverter.ConverterTest" tests="2" failures="0" timestamp="22 Feb 2018 13:20:41 GMT" time="0.000" errors="0">
  <testcase name="testFahrenheit" time="0.000" classname="TemperatureConverter.ConverterTest"/>
  <testcase name="testCelsius" time="0.000" classname="TemperatureConverter.ConverterTest"/>
</testsuite> <!-- TemperatureConverter.ConverterTest -->
