<?xml version="1.0" encoding="UTF-8"?>
<!-- Generated by org.testng.reporters.JUnitReportReporter -->
<testsuite skipped="0" hostname="vvv-HP-Compaq-6200-SFF" name="PasswordValidation.SignUpTest" tests="2" failures="0" timestamp="21 фев 2018 14:22:08 GMT" time="0.022" errors="0">
  <testcase name="isUniqueLoginTestNotExisting" time="0.001" classname="PasswordValidation.SignUpTest"/>
  <testcase name="isUniqueLoginTestExisting" time="0.021" classname="PasswordValidation.SignUpTest"/>
</testsuite> <!-- PasswordValidation.SignUpTest -->
