<?xml version="1.0" encoding="UTF-8"?>
<!-- Generated by org.testng.reporters.JUnitReportReporter -->
<testsuite skipped="0" hostname="User-HP6200-860" name="PasswordValidation.SignUpTest" tests="2" failures="0" timestamp="20 Feb 2018 15:11:02 GMT" time="0.079" errors="0">
  <testcase name="isUniqueLoginTestNotExisting" time="0.001" classname="PasswordValidation.SignUpTest"/>
  <testcase name="isUniqueLoginTestExisting" time="0.078" classname="PasswordValidation.SignUpTest"/>
</testsuite> <!-- PasswordValidation.SignUpTest -->
